2022-03-24 10:56:42,939 [1] INFO OverPay.App -         =============  Started Logging  =============        
2022-03-24 12:06:45,873 [1] INFO OverPay.App -         =============  Started Logging  =============        
2022-03-24 14:01:37,903 [1] INFO OverPay.App -         =============  Started Logging  =============        
2022-03-24 14:21:22,556 [1] INFO OverPay.App -         =============  Started Logging  =============        
2022-03-24 14:34:15,466 [1] INFO OverPay.App -         =============  Started Logging  =============        
2022-03-24 14:37:28,233 [1] INFO OverPay.App -         =============  Started Logging  =============        
2022-03-24 14:40:35,713 [1] INFO OverPay.App -         =============  Started Logging  =============        
2022-03-24 14:42:50,399 [1] INFO OverPay.App -         =============  Started Logging  =============        
2022-03-24 14:45:09,610 [1] INFO OverPay.App -         =============  Started Logging  =============        
2022-03-24 15:10:05,846 [1] INFO OverPay.App -         =============  Started Logging  =============        
2022-03-24 15:31:39,277 [1] INFO OverPay.App -         =============  Started Logging  =============        
2022-03-24 15:46:35,563 [1] INFO OverPay.App -         =============  Started Logging  =============        
2022-03-24 15:54:34,190 [1] INFO OverPay.App -         =============  Started Logging  =============        
2022-03-24 16:35:08,564 [1] INFO OverPay.App -         =============  Started Logging  =============        
2022-03-24 16:37:57,678 [1] INFO OverPay.App -         =============  Started Logging  =============        
2022-03-24 16:42:46,686 [1] INFO OverPay.App -         =============  Started Logging  =============        
2022-03-24 17:06:07,842 [1] INFO OverPay.App -         =============  Started Logging  =============        
2022-03-24 17:33:40,991 [1] INFO OverPay.App -         =============  Started Logging  =============        
2022-03-24 17:34:42,732 [1] INFO OverPay.App -         =============  Started Logging  =============        
2022-03-24 17:44:41,327 [1] INFO OverPay.App -         =============  Started Logging  =============        
2022-03-24 17:48:52,732 [1] INFO OverPay.App -         =============  Started Logging  =============        
2022-03-24 17:51:36,235 [1] INFO OverPay.App -         =============  Started Logging  =============        
2022-03-24 18:00:39,969 [1] ERROR OverPay.App - Pairing Errror: A connection attempt failed because the connected party did not properly respond after a period of time, or established connection failed because connected host has failed to respond. (192.168.107.197:4567)
2022-03-24 18:00:57,088 [1] INFO OverPay.App -         =============  Started Logging  =============        
2022-03-24 18:06:53,895 [1] INFO OverPay.App -         =============  Started Logging  =============        
2022-03-25 10:37:35,808 [1] INFO OverPay.App -         =============  Started Logging  =============        
2022-03-25 10:40:56,638 [1] ERROR OverPay.App - Pairing Errror: No connection could be made because the target machine actively refused it. (192.168.2.209:4567)
2022-03-25 10:42:28,647 [1] INFO OverPay.App -         =============  Started Logging  =============        
2022-03-25 11:18:29,560 [1] INFO OverPay.App -         =============  Started Logging  =============        
2022-03-25 11:26:53,751 [1] INFO OverPay.App -         =============  Started Logging  =============        
2022-03-25 11:27:24,676 [1] INFO OverPay.App -         =============  Started Logging  =============        
2022-03-25 14:51:49,812 [1] INFO OverPay.App -         =============  Started Logging  =============        
2022-03-25 14:58:46,025 [1] INFO OverPay.App -         =============  Started Logging  =============        
2022-03-25 15:01:15,310 [1] INFO OverPay.App -         =============  Started Logging  =============        
2022-03-25 15:04:27,275 [1] INFO OverPay.App -         =============  Started Logging  =============        
2022-03-25 15:50:37,081 [1] INFO OverPay.App -         =============  Started Logging  =============        
2022-03-25 16:01:57,356 [1] INFO OverPay.App -         =============  Started Logging  =============        
2022-03-25 16:15:57,327 [1] INFO OverPay.App -         =============  Started Logging  =============        
2022-03-25 16:18:57,756 [1] INFO OverPay.App -         =============  Started Logging  =============        
2022-03-25 16:41:53,151 [1] INFO OverPay.App -         =============  Started Logging  =============        
2022-03-25 16:44:40,489 [1] INFO OverPay.App -         =============  Started Logging  =============        
2022-03-25 16:50:36,086 [1] INFO OverPay.App -         =============  Started Logging  =============        
2022-03-25 16:56:11,769 [1] ERROR OverPay.App - Pairing Errror: No connection could be made because the target machine actively refused it. (192.168.2.209:4567)
2022-03-25 16:57:18,418 [1] INFO OverPay.App -         =============  Started Logging  =============        
2022-03-25 17:03:16,901 [1] INFO OverPay.App -         =============  Started Logging  =============        
2022-03-25 17:04:42,598 [1] INFO OverPay.App -         =============  Started Logging  =============        
2022-03-25 17:06:29,768 [1] INFO OverPay.App -         =============  Started Logging  =============        
2022-03-25 17:09:04,061 [1] INFO OverPay.App -         =============  Started Logging  =============        
2022-03-25 17:11:42,728 [1] INFO OverPay.App -         =============  Started Logging  =============        
2022-03-25 17:13:53,560 [1] INFO OverPay.App -         =============  Started Logging  =============        
2022-03-25 17:31:19,387 [1] INFO OverPay.App -         =============  Started Logging  =============        
2022-03-25 17:34:59,747 [1] ERROR OverPay.App - Pairing Errror: The request was canceled due to the configured HttpClient.Timeout of 100 seconds elapsing.
2022-03-25 17:36:23,693 [1] INFO OverPay.App -         =============  Started Logging  =============        
2022-03-25 17:39:42,945 [1] ERROR OverPay.App - Pairing Errror: The request was canceled due to the configured HttpClient.Timeout of 100 seconds elapsing.
2022-03-25 17:41:21,224 [1] INFO OverPay.App -         =============  Started Logging  =============        
2022-03-25 17:44:39,229 [1] INFO OverPay.App -         =============  Started Logging  =============        
2022-03-25 18:10:39,961 [1] INFO OverPay.App -         =============  Started Logging  =============        
2022-03-25 18:11:24,239 [1] ERROR OverPay.App - Pairing Errror: A connection attempt failed because the connected party did not properly respond after a period of time, or established connection failed because connected host has failed to respond. (192.168.2.209:4567)
2022-03-25 18:11:35,986 [1] INFO OverPay.App -         =============  Started Logging  =============        
2022-03-28 15:10:54,001 [1] INFO OverPay.App -         =============  Started Logging  =============        
2022-03-28 15:58:57,166 [1] INFO OverPay.App -         =============  Started Logging  =============        
2022-04-04 15:04:26,564 [1] INFO OverPay.App -         =============  Started Logging  =============        
2022-04-04 15:08:23,235 [1] INFO OverPay.App -         =============  Started Logging  =============        
2022-04-04 15:17:26,972 [1] INFO OverPay.App -         =============  Started Logging  =============        
2022-04-22 11:44:46,319 [1] INFO OverPay.App -         =============  Started Logging  =============        
2022-04-22 11:54:39,847 [1] INFO OverPay.App -         =============  Started Logging  =============        
2022-04-22 12:22:36,932 [1] INFO OverPay.App -         =============  Started Logging  =============        
2022-04-22 12:23:17,658 [1] INFO OverPay.App -         =============  Started Logging  =============        
2022-04-22 12:36:51,588 [1] INFO OverPay.App -         =============  Started Logging  =============        
2022-04-22 12:37:52,673 [1] INFO OverPay.App -         =============  Started Logging  =============        
2022-04-22 12:39:59,104 [1] ERROR OverPay.App - Pairing Errror: No connection could be made because the target machine actively refused it. (192.168.2.209:4567)
2022-04-22 12:40:07,578 [1] INFO OverPay.App -         =============  Started Logging  =============        
2022-04-22 12:42:46,793 [1] INFO OverPay.App -         =============  Started Logging  =============        
2022-04-22 12:55:25,014 [1] INFO OverPay.App -         =============  Started Logging  =============        
2022-04-22 12:56:12,317 [1] INFO OverPay.App -         =============  Started Logging  =============        
2022-04-22 13:01:46,140 [1] INFO OverPay.App -         =============  Started Logging  =============        
2022-04-22 14:11:11,965 [1] INFO OverPay.App -         =============  Started Logging  =============        
2022-04-22 14:14:13,471 [1] INFO OverPay.App -         =============  Started Logging  =============        
2022-04-22 14:14:45,796 [1] INFO OverPay.App -         =============  Started Logging  =============        
2022-04-22 14:15:36,353 [1] INFO OverPay.App -         =============  Started Logging  =============        
2022-04-22 14:18:31,113 [1] INFO OverPay.App -         =============  Started Logging  =============        
2022-04-22 14:25:54,904 [1] INFO OverPay.App -         =============  Started Logging  =============        
2022-04-22 14:34:09,212 [1] INFO OverPay.App -         =============  Started Logging  =============        
2022-04-22 14:36:52,287 [1] INFO OverPay.App -         =============  Started Logging  =============        
2022-04-22 14:41:31,018 [1] ERROR OverPay.App - Pairing Errror: A connection attempt failed because the connected party did not properly respond after a period of time, or established connection failed because connected host has failed to respond. (192.168.2.203:4567)
2022-04-22 14:42:17,624 [1] INFO OverPay.App -         =============  Started Logging  =============        
2022-04-22 14:42:58,298 [1] ERROR OverPay.App - Pairing Errror: A connection attempt failed because the connected party did not properly respond after a period of time, or established connection failed because connected host has failed to respond. (192.168.2.203:4567)
2022-04-22 14:48:21,960 [1] INFO OverPay.App -         =============  Started Logging  =============        
2022-04-22 14:50:50,520 [1] INFO OverPay.App -         =============  Started Logging  =============        
2022-04-22 14:52:45,108 [1] INFO OverPay.App -         =============  Started Logging  =============        
2022-04-26 13:53:14,866 [1] INFO OverPay.App -         =============  Started Logging  =============        
2022-05-09 18:10:33,392 [1] INFO OverPay.App -         =============  Started Logging  =============        
2022-05-17 11:17:52,583 [1] INFO OverPay.App -         =============  Started Logging  =============        
2022-05-17 11:20:55,006 [1] INFO OverPay.App -         =============  Started Logging  =============        
2022-05-17 11:30:25,843 [1] INFO OverPay.App -         =============  Started Logging  =============        
2022-05-17 11:40:43,370 [1] INFO OverPay.App -         =============  Started Logging  =============        
2022-05-17 14:04:12,313 [1] INFO OverPay.App -         =============  Started Logging  =============        
2022-05-17 14:06:13,582 [1] INFO OverPay.App -         =============  Started Logging  =============        
2022-05-17 14:10:20,850 [1] INFO OverPay.App -         =============  Started Logging  =============        
2022-05-17 14:13:08,015 [1] INFO OverPay.App -         =============  Started Logging  =============        
2022-05-17 14:19:06,186 [1] INFO OverPay.App -         =============  Started Logging  =============        
2022-05-17 14:21:51,185 [1] INFO OverPay.App -         =============  Started Logging  =============        
2022-05-17 14:26:24,507 [1] INFO OverPay.App -         =============  Started Logging  =============        
2022-05-17 14:32:04,731 [1] INFO OverPay.App -         =============  Started Logging  =============        
2022-05-17 14:37:03,210 [1] INFO OverPay.App -         =============  Started Logging  =============        
2022-05-17 14:37:34,061 [1] ERROR OverPay.App - Start sale Errror: No connection could be made because the target machine actively refused it. (192.168.85.12:4567)
2022-05-17 14:38:09,569 [1] ERROR OverPay.App - Start sale Errror: No connection could be made because the target machine actively refused it. (192.168.85.12:4567)
2022-05-17 14:42:34,437 [1] INFO OverPay.App -         =============  Started Logging  =============        
2022-05-17 14:44:32,564 [1] INFO OverPay.App -         =============  Started Logging  =============        
2022-05-17 14:52:20,439 [1] ERROR OverPay.App - Start sale Errror: No connection could be made because the target machine actively refused it. (192.168.85.12:4567)
2022-05-18 00:57:36,513 [1] INFO OverPay.App -         =============  Started Logging  =============        
2022-05-18 00:58:36,522 [1] ERROR OverPay.App - Pairing Errror: A connection attempt failed because the connected party did not properly respond after a period of time, or established connection failed because connected host has failed to respond. (192.168.85.67:4567)
2022-05-18 00:58:57,213 [1] ERROR OverPay.App - Pairing Errror: A connection attempt failed because the connected party did not properly respond after a period of time, or established connection failed because connected host has failed to respond. (192.168.85.67:4567)
2022-05-18 00:59:04,257 [1] ERROR OverPay.App - Pairing Errror: A connection attempt failed because the connected party did not properly respond after a period of time, or established connection failed because connected host has failed to respond. (192.168.85.67:4567)
2022-05-18 00:59:05,983 [1] ERROR OverPay.App - Pairing Errror: A connection attempt failed because the connected party did not properly respond after a period of time, or established connection failed because connected host has failed to respond. (192.168.85.67:4567)
2022-05-18 00:59:06,154 [1] ERROR OverPay.App - Pairing Errror: A connection attempt failed because the connected party did not properly respond after a period of time, or established connection failed because connected host has failed to respond. (192.168.85.67:4567)
2022-05-18 00:59:06,360 [1] ERROR OverPay.App - Pairing Errror: A connection attempt failed because the connected party did not properly respond after a period of time, or established connection failed because connected host has failed to respond. (192.168.85.67:4567)
2022-05-18 01:02:57,581 [1] ERROR OverPay.App - Pairing Errror: A connection attempt failed because the connected party did not properly respond after a period of time, or established connection failed because connected host has failed to respond. (192.168.85.67:4567)
2022-05-18 01:07:01,608 [1] INFO OverPay.App -         =============  Started Logging  =============        
2022-05-18 01:08:00,927 [1] ERROR OverPay.App - Pairing Errror: A connection attempt failed because the connected party did not properly respond after a period of time, or established connection failed because connected host has failed to respond. (192.168.43.111:4567)
2022-05-18 13:00:44,451 [1] INFO OverPay.App -         =============  Started Logging  =============        
2022-05-18 13:01:54,877 [1] ERROR OverPay.App - Pairing Errror: A connection attempt failed because the connected party did not properly respond after a period of time, or established connection failed because connected host has failed to respond. (192.168.43.111:4567)
2022-05-20 10:05:28,339 [1] INFO OverPay.App -         =============  Started Logging  =============        
2022-05-20 10:12:53,800 [1] INFO OverPay.App -         =============  Started Logging  =============        
2022-05-20 10:15:37,246 [1] INFO OverPay.App -         =============  Started Logging  =============        
2022-05-20 10:20:04,303 [1] INFO OverPay.App -         =============  Started Logging  =============        
2022-05-20 10:21:35,196 [1] INFO OverPay.App -         =============  Started Logging  =============        
2022-06-10 12:00:48,936 [1] INFO OverPay.App -         =============  Started Logging  =============        
2022-06-10 13:40:27,349 [1] INFO OverPay.App -         =============  Started Logging  =============        
2022-06-10 14:13:22,459 [1] INFO OverPay.App -         =============  Started Logging  =============        
2022-06-10 14:23:50,554 [1] INFO OverPay.App -         =============  Started Logging  =============        
2022-06-10 14:32:49,980 [1] INFO OverPay.App -         =============  Started Logging  =============        
2022-06-10 14:59:12,912 [1] INFO OverPay.App -         =============  Started Logging  =============        
2022-06-10 15:53:05,665 [1] INFO OverPay.App -         =============  Started Logging  =============        
2022-06-10 17:13:07,669 [1] INFO OverPay.App -         =============  Started Logging  =============        
